<?xml version="1.0" encoding="UTF-8"?>
<!-- Generated by org.testng.reporters.JUnitXMLReporter -->
<testsuite ignored="0" hostname="Ranjani" failures="0" tests="5" name="ChromeTest" time="67.365" errors="0" timestamp="2024-09-19T10:34:26 EDT">
  <testcase classname="com.tutorialopencart.qa.testcases.LoginTest" name="loginInvalidPassword" time="3.182"/>
  <testcase classname="com.tutorialopencart.qa.testcases.LoginTest" name="loginInvalidUsername" time="2.535"/>
  <testcase classname="com.tutorialopencart.qa.testcases.LoginTest" name="loginInvalidcredential" time="2.573"/>
  <testcase classname="com.tutorialopencart.qa.testcases.LoginTest" name="loginValidcredential" time="2.843"/>
  <testcase classname="com.tutorialopencart.qa.testcases.LoginTest" name="loginWithoutCredential" time="1.251"/>
</testsuite> <!-- ChromeTest -->
