<?xml version="1.0" encoding="UTF-8"?>
<!-- Generated by org.testng.reporters.JUnitXMLReporter -->
<testsuite ignored="0" hostname="Ranjani" failures="0" tests="5" name="EdgeTest" time="70.056" errors="0" timestamp="2024-09-19T10:34:29 EDT">
  <testcase classname="com.tutorialopencart.qa.testcases.LoginTest" name="loginInvalidPassword" time="2.658"/>
  <testcase classname="com.tutorialopencart.qa.testcases.LoginTest" name="loginInvalidUsername" time="2.426"/>
  <testcase classname="com.tutorialopencart.qa.testcases.LoginTest" name="loginInvalidcredential" time="2.569"/>
  <testcase classname="com.tutorialopencart.qa.testcases.LoginTest" name="loginValidcredential" time="2.622"/>
  <testcase classname="com.tutorialopencart.qa.testcases.LoginTest" name="loginWithoutCredential" time="0.829"/>
</testsuite> <!-- EdgeTest -->
