<?xml version="1.0" encoding="UTF-8"?>
<!-- Generated by org.testng.reporters.JUnitXMLReporter -->
<testsuite ignored="0" hostname="Ranjani" failures="0" tests="5" name="FIrefoxTest" time="181.506" errors="0" timestamp="2024-09-19T10:36:20 EDT">
  <testcase classname="com.tutorialopencart.qa.testcases.LoginTest" name="loginInvalidPassword" time="0.0">
    <skipped/>
  </testcase> <!-- loginInvalidPassword -->
  <testcase classname="com.tutorialopencart.qa.testcases.LoginTest" name="loginInvalidUsername" time="0.0">
    <skipped/>
  </testcase> <!-- loginInvalidUsername -->
  <testcase classname="com.tutorialopencart.qa.testcases.LoginTest" name="loginInvalidcredential" time="0.0">
    <skipped/>
  </testcase> <!-- loginInvalidcredential -->
  <testcase classname="com.tutorialopencart.qa.testcases.LoginTest" name="loginValidcredential" time="0.0">
    <skipped/>
  </testcase> <!-- loginValidcredential -->
  <testcase classname="com.tutorialopencart.qa.testcases.LoginTest" name="loginWithoutCredential" time="0.0">
    <skipped/>
  </testcase> <!-- loginWithoutCredential -->
</testsuite> <!-- FIrefoxTest -->
