<?xml version="1.0" encoding="UTF-8"?>
<!-- Generated by org.testng.reporters.JUnitXMLReporter -->
<testsuite ignored="0" hostname="Ranjani" failures="0" tests="5" name="Test" time="35.882" errors="0" timestamp="2024-09-19T10:32:58 EDT">
  <testcase classname="com.tutorialopencart.qa.testcases.LoginTest" name="loginInvalidPassword" time="1.263"/>
  <testcase classname="com.tutorialopencart.qa.testcases.LoginTest" name="loginInvalidUsername" time="1.503"/>
  <testcase classname="com.tutorialopencart.qa.testcases.LoginTest" name="loginInvalidcredential" time="1.494"/>
  <testcase classname="com.tutorialopencart.qa.testcases.LoginTest" name="loginValidcredential" time="1.383"/>
  <testcase classname="com.tutorialopencart.qa.testcases.LoginTest" name="loginWithoutCredential" time="0.879"/>
</testsuite> <!-- Test -->
