<?xml version="1.0" encoding="UTF-8"?>
<!-- Generated by org.testng.reporters.JUnitXMLReporter -->
<testsuite ignored="0" hostname="Ranjani" failures="0" tests="5" name="Test" time="46.967" errors="0" timestamp="2024-09-22T08:11:34 EDT">
  <testcase classname="com.tutorialopencart.qa.testcases.LoginTest" name="loginInvalidPassword" time="1.71"/>
  <testcase classname="com.tutorialopencart.qa.testcases.LoginTest" name="loginInvalidUsername" time="1.748"/>
  <testcase classname="com.tutorialopencart.qa.testcases.LoginTest" name="loginInvalidcredential" time="1.869"/>
  <testcase classname="com.tutorialopencart.qa.testcases.LoginTest" name="loginValidcredential" time="1.653"/>
  <testcase classname="com.tutorialopencart.qa.testcases.LoginTest" name="loginWithoutCredential" time="1.05"/>
</testsuite> <!-- Test -->
